10:10:41.001 [restartedMain] INFO  c.r.RuoYiApplication - [logStarting,55] - Starting RuoYiApplication using Java 1.8.0_462 on ranjingkundeMacBook-Pro.local with PID 37050 (/Users/ranjingkun/Desktop/若依代码/dongzhou/dongzhou/ruoyi-admin/target/classes started by ranjingkun in /Users/ranjingkun/Desktop/若依代码/dongzhou/dongzhou)
10:10:41.002 [background-preinit] INFO  o.h.v.i.util.Version - [<clinit>,21] - HV000001: Hibernate Validator 6.2.5.Final
10:10:41.003 [restartedMain] INFO  c.r.RuoYiApplication - [logStartupProfileInfo,686] - The following 1 profile is active: "druid"
10:10:42.294 [restartedMain] INFO  o.a.c.h.Http11NioProtocol - [log,168] - Initializing ProtocolHandler ["http-nio-8080"]
10:10:42.295 [restartedMain] INFO  o.a.c.c.StandardService - [log,168] - Starting service [Tomcat]
10:10:42.296 [restartedMain] INFO  o.a.c.c.StandardEngine - [log,168] - Starting Servlet engine: [Apache Tomcat/9.0.108]
10:10:42.340 [restartedMain] INFO  o.a.c.c.C.[.[.[/] - [log,168] - Initializing Spring embedded WebApplicationContext
10:10:43.019 [restartedMain] INFO  c.a.d.p.DruidDataSource - [init,1002] - {dataSource-1} inited
10:10:43.033 [restartedMain] INFO  o.a.c.c.StandardService - [log,168] - Stopping service [Tomcat]
10:10:43.065 [Druid-ConnectionPool-Create-1324556002] INFO  c.a.d.p.DruidAbstractDataSource - [setFailContinuous,1900] - {dataSource-1} failContinuous is true
10:11:32.197 [restartedMain] INFO  c.r.RuoYiApplication - [logStarting,55] - Starting RuoYiApplication using Java 1.8.0_462 on ranjingkundeMacBook-Pro.local with PID 37066 (/Users/ranjingkun/Desktop/若依代码/dongzhou/dongzhou/ruoyi-admin/target/classes started by ranjingkun in /Users/ranjingkun/Desktop/若依代码/dongzhou/dongzhou)
10:11:32.199 [restartedMain] INFO  c.r.RuoYiApplication - [logStartupProfileInfo,686] - The following 1 profile is active: "druid"
10:11:32.201 [background-preinit] INFO  o.h.v.i.util.Version - [<clinit>,21] - HV000001: Hibernate Validator 6.2.5.Final
10:11:33.443 [restartedMain] INFO  o.a.c.h.Http11NioProtocol - [log,168] - Initializing ProtocolHandler ["http-nio-8080"]
10:11:33.444 [restartedMain] INFO  o.a.c.c.StandardService - [log,168] - Starting service [Tomcat]
10:11:33.444 [restartedMain] INFO  o.a.c.c.StandardEngine - [log,168] - Starting Servlet engine: [Apache Tomcat/9.0.108]
10:11:33.488 [restartedMain] INFO  o.a.c.c.C.[.[.[/] - [log,168] - Initializing Spring embedded WebApplicationContext
10:11:34.127 [restartedMain] INFO  c.a.d.p.DruidDataSource - [init,1002] - {dataSource-1} inited
10:11:34.138 [restartedMain] INFO  o.a.c.c.StandardService - [log,168] - Stopping service [Tomcat]
10:11:34.163 [Druid-ConnectionPool-Create-410219553] INFO  c.a.d.p.DruidAbstractDataSource - [setFailContinuous,1900] - {dataSource-1} failContinuous is true
10:15:56.069 [restartedMain] INFO  c.r.RuoYiApplication - [logStarting,55] - Starting RuoYiApplication using Java 1.8.0_462 on ranjingkundeMacBook-Pro.local with PID 37223 (/Users/ranjingkun/Desktop/若依代码/dongzhou/dongzhou/ruoyi-admin/target/classes started by ranjingkun in /Users/ranjingkun/Desktop/若依代码/dongzhou/dongzhou)
10:15:56.071 [background-preinit] INFO  o.h.v.i.util.Version - [<clinit>,21] - HV000001: Hibernate Validator 6.2.5.Final
10:15:56.072 [restartedMain] INFO  c.r.RuoYiApplication - [logStartupProfileInfo,686] - The following 1 profile is active: "druid"
10:15:57.328 [restartedMain] INFO  o.a.c.h.Http11NioProtocol - [log,168] - Initializing ProtocolHandler ["http-nio-8080"]
10:15:57.329 [restartedMain] INFO  o.a.c.c.StandardService - [log,168] - Starting service [Tomcat]
10:15:57.329 [restartedMain] INFO  o.a.c.c.StandardEngine - [log,168] - Starting Servlet engine: [Apache Tomcat/9.0.108]
10:15:57.373 [restartedMain] INFO  o.a.c.c.C.[.[.[/] - [log,168] - Initializing Spring embedded WebApplicationContext
10:15:58.074 [restartedMain] INFO  c.a.d.p.DruidDataSource - [init,1002] - {dataSource-1} inited
10:15:58.785 [restartedMain] INFO  c.a.d.p.DruidDataSource - [close,2204] - {dataSource-1} closing ...
10:15:58.789 [restartedMain] INFO  c.a.d.p.DruidDataSource - [close,2277] - {dataSource-1} closed
10:15:58.904 [restartedMain] INFO  o.a.c.c.StandardService - [log,168] - Stopping service [Tomcat]
10:17:43.859 [restartedMain] INFO  c.r.RuoYiApplication - [logStarting,55] - Starting RuoYiApplication using Java 1.8.0_462 on ranjingkundeMacBook-Pro.local with PID 37266 (/Users/ranjingkun/Desktop/若依代码/dongzhou/dongzhou/ruoyi-admin/target/classes started by ranjingkun in /Users/ranjingkun/Desktop/若依代码/dongzhou/dongzhou)
10:17:43.860 [restartedMain] INFO  c.r.RuoYiApplication - [logStartupProfileInfo,686] - The following 1 profile is active: "druid"
10:17:43.861 [background-preinit] INFO  o.h.v.i.util.Version - [<clinit>,21] - HV000001: Hibernate Validator 6.2.5.Final
10:17:45.156 [restartedMain] INFO  o.a.c.h.Http11NioProtocol - [log,168] - Initializing ProtocolHandler ["http-nio-8080"]
10:17:45.157 [restartedMain] INFO  o.a.c.c.StandardService - [log,168] - Starting service [Tomcat]
10:17:45.157 [restartedMain] INFO  o.a.c.c.StandardEngine - [log,168] - Starting Servlet engine: [Apache Tomcat/9.0.108]
10:17:45.200 [restartedMain] INFO  o.a.c.c.C.[.[.[/] - [log,168] - Initializing Spring embedded WebApplicationContext
10:17:45.911 [restartedMain] INFO  c.a.d.p.DruidDataSource - [init,1002] - {dataSource-1} inited
10:17:46.592 [restartedMain] INFO  c.a.d.p.DruidDataSource - [close,2204] - {dataSource-1} closing ...
10:17:46.596 [restartedMain] INFO  c.a.d.p.DruidDataSource - [close,2277] - {dataSource-1} closed
10:17:46.709 [restartedMain] INFO  o.a.c.c.StandardService - [log,168] - Stopping service [Tomcat]
10:21:19.465 [restartedMain] INFO  c.r.RuoYiApplication - [logStarting,55] - Starting RuoYiApplication using Java 1.8.0_462 on ranjingkundeMacBook-Pro.local with PID 37313 (/Users/ranjingkun/Desktop/若依代码/dongzhou/dongzhou/ruoyi-admin/target/classes started by ranjingkun in /Users/ranjingkun/Desktop/若依代码/dongzhou/dongzhou)
10:21:19.466 [restartedMain] INFO  c.r.RuoYiApplication - [logStartupProfileInfo,686] - The following 1 profile is active: "druid"
10:21:19.468 [background-preinit] INFO  o.h.v.i.util.Version - [<clinit>,21] - HV000001: Hibernate Validator 6.2.5.Final
10:21:20.729 [restartedMain] INFO  o.a.c.h.Http11NioProtocol - [log,168] - Initializing ProtocolHandler ["http-nio-8080"]
10:21:20.730 [restartedMain] INFO  o.a.c.c.StandardService - [log,168] - Starting service [Tomcat]
10:21:20.730 [restartedMain] INFO  o.a.c.c.StandardEngine - [log,168] - Starting Servlet engine: [Apache Tomcat/9.0.108]
10:21:20.775 [restartedMain] INFO  o.a.c.c.C.[.[.[/] - [log,168] - Initializing Spring embedded WebApplicationContext
10:21:21.493 [restartedMain] INFO  c.a.d.p.DruidDataSource - [init,1002] - {dataSource-1} inited
10:21:22.211 [restartedMain] INFO  c.a.d.p.DruidDataSource - [close,2204] - {dataSource-1} closing ...
10:21:22.215 [restartedMain] INFO  c.a.d.p.DruidDataSource - [close,2277] - {dataSource-1} closed
10:21:22.329 [restartedMain] INFO  o.a.c.c.StandardService - [log,168] - Stopping service [Tomcat]
10:21:41.583 [restartedMain] INFO  c.r.RuoYiApplication - [logStarting,55] - Starting RuoYiApplication using Java 1.8.0_462 on ranjingkundeMacBook-Pro.local with PID 37331 (/Users/ranjingkun/Desktop/若依代码/dongzhou/dongzhou/ruoyi-admin/target/classes started by ranjingkun in /Users/ranjingkun/Desktop/若依代码/dongzhou/dongzhou)
10:21:41.584 [restartedMain] INFO  c.r.RuoYiApplication - [logStartupProfileInfo,686] - The following 1 profile is active: "druid"
10:21:41.586 [background-preinit] INFO  o.h.v.i.util.Version - [<clinit>,21] - HV000001: Hibernate Validator 6.2.5.Final
10:21:42.740 [restartedMain] INFO  o.a.c.h.Http11NioProtocol - [log,168] - Initializing ProtocolHandler ["http-nio-8080"]
10:21:42.741 [restartedMain] INFO  o.a.c.c.StandardService - [log,168] - Starting service [Tomcat]
10:21:42.741 [restartedMain] INFO  o.a.c.c.StandardEngine - [log,168] - Starting Servlet engine: [Apache Tomcat/9.0.108]
10:21:42.778 [restartedMain] INFO  o.a.c.c.C.[.[.[/] - [log,168] - Initializing Spring embedded WebApplicationContext
10:21:43.446 [restartedMain] INFO  c.a.d.p.DruidDataSource - [init,1002] - {dataSource-1} inited
10:21:44.093 [restartedMain] INFO  c.a.d.p.DruidDataSource - [close,2204] - {dataSource-1} closing ...
10:21:44.097 [restartedMain] INFO  c.a.d.p.DruidDataSource - [close,2277] - {dataSource-1} closed
10:21:44.212 [restartedMain] INFO  o.a.c.c.StandardService - [log,168] - Stopping service [Tomcat]
10:23:02.487 [restartedMain] INFO  c.r.RuoYiApplication - [logStarting,55] - Starting RuoYiApplication using Java 1.8.0_462 on ranjingkundeMacBook-Pro.local with PID 37974 (/Users/ranjingkun/Desktop/若依代码/dongzhou/dongzhou/ruoyi-admin/target/classes started by ranjingkun in /Users/ranjingkun/Desktop/若依代码/dongzhou/dongzhou)
10:23:02.489 [restartedMain] INFO  c.r.RuoYiApplication - [logStartupProfileInfo,686] - The following 1 profile is active: "druid"
10:23:02.492 [background-preinit] INFO  o.h.v.i.util.Version - [<clinit>,21] - HV000001: Hibernate Validator 6.2.5.Final
10:23:03.750 [restartedMain] INFO  o.a.c.h.Http11NioProtocol - [log,168] - Initializing ProtocolHandler ["http-nio-8080"]
10:23:03.750 [restartedMain] INFO  o.a.c.c.StandardService - [log,168] - Starting service [Tomcat]
10:23:03.751 [restartedMain] INFO  o.a.c.c.StandardEngine - [log,168] - Starting Servlet engine: [Apache Tomcat/9.0.108]
10:23:03.797 [restartedMain] INFO  o.a.c.c.C.[.[.[/] - [log,168] - Initializing Spring embedded WebApplicationContext
10:23:04.504 [restartedMain] INFO  c.a.d.p.DruidDataSource - [init,1002] - {dataSource-1} inited
10:23:05.628 [restartedMain] INFO  o.q.i.StdSchedulerFactory - [instantiate,1220] - Using default implementation for ThreadExecutor
10:23:05.633 [restartedMain] INFO  o.q.c.SchedulerSignalerImpl - [<init>,61] - Initialized Scheduler Signaller of type: class org.quartz.core.SchedulerSignalerImpl
10:23:05.633 [restartedMain] INFO  o.q.c.QuartzScheduler - [<init>,229] - Quartz Scheduler v.2.3.2 created.
10:23:05.633 [restartedMain] INFO  o.q.s.RAMJobStore - [initialize,155] - RAMJobStore initialized.
10:23:05.634 [restartedMain] INFO  o.q.c.QuartzScheduler - [initialize,294] - Scheduler meta-data: Quartz Scheduler (v2.3.2) 'quartzScheduler' with instanceId 'NON_CLUSTERED'
  Scheduler class: 'org.quartz.core.QuartzScheduler' - running locally.
  NOT STARTED.
  Currently in standby mode.
  Number of jobs executed: 0
  Using thread pool 'org.quartz.simpl.SimpleThreadPool' - with 10 threads.
  Using job-store 'org.quartz.simpl.RAMJobStore' - which does not support persistence. and is not clustered.

10:23:05.634 [restartedMain] INFO  o.q.i.StdSchedulerFactory - [instantiate,1374] - Quartz scheduler 'quartzScheduler' initialized from an externally provided properties instance.
10:23:05.634 [restartedMain] INFO  o.q.i.StdSchedulerFactory - [instantiate,1378] - Quartz scheduler version: 2.3.2
10:23:05.634 [restartedMain] INFO  o.q.c.QuartzScheduler - [setJobFactory,2293] - JobFactory set to: org.springframework.scheduling.quartz.SpringBeanJobFactory@32d362f9
10:23:06.634 [restartedMain] INFO  o.a.c.h.Http11NioProtocol - [log,168] - Starting ProtocolHandler ["http-nio-8080"]
10:23:06.757 [restartedMain] INFO  o.q.c.QuartzScheduler - [start,547] - Scheduler quartzScheduler_$_NON_CLUSTERED started.
10:23:06.763 [restartedMain] INFO  c.r.RuoYiApplication - [logStarted,61] - Started RuoYiApplication in 4.494 seconds (JVM running for 4.988)
10:31:33.799 [http-nio-8080-exec-1] INFO  o.a.c.c.C.[.[.[/] - [log,168] - Initializing Spring DispatcherServlet 'dispatcherServlet'
10:31:38.260 [schedule-pool-1] INFO  sys-user - [run,55] - [127.0.0.1]内网IP[admin][Error][验证码错误]
10:31:41.579 [schedule-pool-1] INFO  sys-user - [run,55] - [127.0.0.1]内网IP[admin][Success][登录成功]
11:02:09.746 [SpringApplicationShutdownHook] INFO  o.q.c.QuartzScheduler - [standby,585] - Scheduler quartzScheduler_$_NON_CLUSTERED paused.
11:02:09.773 [SpringApplicationShutdownHook] INFO  o.q.c.QuartzScheduler - [shutdown,666] - Scheduler quartzScheduler_$_NON_CLUSTERED shutting down.
11:02:09.773 [SpringApplicationShutdownHook] INFO  o.q.c.QuartzScheduler - [standby,585] - Scheduler quartzScheduler_$_NON_CLUSTERED paused.
11:02:09.773 [SpringApplicationShutdownHook] INFO  o.q.c.QuartzScheduler - [shutdown,740] - Scheduler quartzScheduler_$_NON_CLUSTERED shutdown complete.
11:02:09.773 [SpringApplicationShutdownHook] INFO  sys-user - [shutdownAsyncManager,31] - ====关闭后台任务任务线程池====
11:02:09.775 [SpringApplicationShutdownHook] INFO  c.a.d.p.DruidDataSource - [close,2204] - {dataSource-1} closing ...
11:02:09.779 [SpringApplicationShutdownHook] INFO  c.a.d.p.DruidDataSource - [close,2277] - {dataSource-1} closed
11:02:12.902 [restartedMain] INFO  c.r.RuoYiApplication - [logStarting,55] - Starting RuoYiApplication using Java 1.8.0_462 on ranjingkundeMacBook-Pro.local with PID 41642 (/Users/ranjingkun/Desktop/若依代码/dongzhou/dongzhou/ruoyi-admin/target/classes started by ranjingkun in /Users/ranjingkun/Desktop/若依代码/dongzhou/dongzhou)
11:02:12.904 [restartedMain] INFO  c.r.RuoYiApplication - [logStartupProfileInfo,686] - The following 1 profile is active: "dev"
11:02:12.904 [background-preinit] INFO  o.h.v.i.util.Version - [<clinit>,21] - HV000001: Hibernate Validator 6.2.5.Final
11:02:14.224 [restartedMain] INFO  o.a.c.h.Http11NioProtocol - [log,168] - Initializing ProtocolHandler ["http-nio-8080"]
11:02:14.225 [restartedMain] INFO  o.a.c.c.StandardService - [log,168] - Starting service [Tomcat]
11:02:14.225 [restartedMain] INFO  o.a.c.c.StandardEngine - [log,168] - Starting Servlet engine: [Apache Tomcat/9.0.108]
11:02:14.269 [restartedMain] INFO  o.a.c.c.C.[.[.[/] - [log,168] - Initializing Spring embedded WebApplicationContext
11:02:15.029 [restartedMain] INFO  c.a.d.p.DruidDataSource - [init,1002] - {dataSource-1} inited
11:02:16.209 [restartedMain] INFO  o.q.i.StdSchedulerFactory - [instantiate,1220] - Using default implementation for ThreadExecutor
11:02:16.215 [restartedMain] INFO  o.q.c.SchedulerSignalerImpl - [<init>,61] - Initialized Scheduler Signaller of type: class org.quartz.core.SchedulerSignalerImpl
11:02:16.215 [restartedMain] INFO  o.q.c.QuartzScheduler - [<init>,229] - Quartz Scheduler v.2.3.2 created.
11:02:16.215 [restartedMain] INFO  o.q.s.RAMJobStore - [initialize,155] - RAMJobStore initialized.
11:02:16.216 [restartedMain] INFO  o.q.c.QuartzScheduler - [initialize,294] - Scheduler meta-data: Quartz Scheduler (v2.3.2) 'quartzScheduler' with instanceId 'NON_CLUSTERED'
  Scheduler class: 'org.quartz.core.QuartzScheduler' - running locally.
  NOT STARTED.
  Currently in standby mode.
  Number of jobs executed: 0
  Using thread pool 'org.quartz.simpl.SimpleThreadPool' - with 10 threads.
  Using job-store 'org.quartz.simpl.RAMJobStore' - which does not support persistence. and is not clustered.

11:02:16.216 [restartedMain] INFO  o.q.i.StdSchedulerFactory - [instantiate,1374] - Quartz scheduler 'quartzScheduler' initialized from an externally provided properties instance.
11:02:16.216 [restartedMain] INFO  o.q.i.StdSchedulerFactory - [instantiate,1378] - Quartz scheduler version: 2.3.2
11:02:16.216 [restartedMain] INFO  o.q.c.QuartzScheduler - [setJobFactory,2293] - JobFactory set to: org.springframework.scheduling.quartz.SpringBeanJobFactory@7eacdf38
11:02:17.305 [restartedMain] INFO  o.a.c.h.Http11NioProtocol - [log,168] - Starting ProtocolHandler ["http-nio-8080"]
11:02:17.449 [restartedMain] INFO  o.q.c.QuartzScheduler - [start,547] - Scheduler quartzScheduler_$_NON_CLUSTERED started.
11:02:17.456 [restartedMain] INFO  c.r.RuoYiApplication - [logStarted,61] - Started RuoYiApplication in 4.776 seconds (JVM running for 5.285)
11:02:49.920 [http-nio-8080-exec-1] INFO  o.a.c.c.C.[.[.[/] - [log,168] - Initializing Spring DispatcherServlet 'dispatcherServlet'
11:16:08.210 [schedule-pool-3] INFO  sys-user - [run,55] - [127.0.0.1]内网IP[admin][Logout][退出成功]
11:16:14.410 [schedule-pool-11] INFO  sys-user - [run,55] - [127.0.0.1]内网IP[admin][Success][登录成功]
13:45:18.336 [schedule-pool-6] INFO  sys-user - [run,55] - [127.0.0.1]内网IP[admin][Success][登录成功]
15:16:19.903 [Thread-12] INFO  o.q.c.QuartzScheduler - [standby,585] - Scheduler quartzScheduler_$_NON_CLUSTERED paused.
15:16:19.935 [Thread-12] INFO  o.q.c.QuartzScheduler - [shutdown,666] - Scheduler quartzScheduler_$_NON_CLUSTERED shutting down.
15:16:19.935 [Thread-12] INFO  o.q.c.QuartzScheduler - [standby,585] - Scheduler quartzScheduler_$_NON_CLUSTERED paused.
15:16:19.936 [Thread-12] INFO  o.q.c.QuartzScheduler - [shutdown,740] - Scheduler quartzScheduler_$_NON_CLUSTERED shutdown complete.
15:16:19.936 [Thread-12] INFO  sys-user - [shutdownAsyncManager,31] - ====关闭后台任务任务线程池====
15:16:19.937 [Thread-12] INFO  c.a.d.p.DruidDataSource - [close,2204] - {dataSource-1} closing ...
15:16:19.944 [Thread-12] INFO  c.a.d.p.DruidDataSource - [close,2277] - {dataSource-1} closed
